Running: fuse.exe -relaunch -intstyle "ise" -incremental -o "C:/Users/Professional/Desktop/BmstuLabs6/evm/hw/hw/control_unit_tb_isim_beh.exe" -prj "C:/Users/Professional/Desktop/BmstuLabs6/evm/hw/hw/control_unit_tb_beh.prj" "work.control_unit_tb" 
ISim P.20131013 (signature 0x7708f090)
Number of CPUs detected in this system: 2
Turning on mult-threading, number of parallel sub-compilation jobs: 4 
Determining compilation order of HDL files
Parsing VHDL file "C:/Users/Professional/Desktop/BmstuLabs6/evm/hw/hw/control_unit.vhd" into library work
Parsing VHDL file "C:/Users/Professional/Desktop/BmstuLabs6/evm/hw/hw/control_unit_tb.vhd" into library work
Starting static elaboration
Completed static elaboration
Compiling package standard
Compiling package std_logic_1164
Compiling package std_logic_arith
Compiling package std_logic_unsigned
Compiling architecture arch_control_unit of entity control_unit [control_unit_default]
Compiling architecture behavior of entity control_unit_tb
Time Resolution for simulation is 1ps.
Waiting for 2 sub-compilation(s) to finish...
Compiled 7 VHDL Units
Built simulation executable C:/Users/Professional/Desktop/BmstuLabs6/evm/hw/hw/control_unit_tb_isim_beh.exe
Fuse Memory Usage: 34356 KB
Fuse CPU Usage: 389 ms
