ISim log file
Running: C:\Users\Professional\Desktop\BmstuLabs6\evm\hw\hw\control_unit_tb_isim_beh.exe -intstyle ise -gui -tclbatch isim.cmd -wdb C:/Users/Professional/Desktop/BmstuLabs6/evm/hw/hw/control_unit_tb_isim_beh.wdb 
ISim P.20131013 (signature 0x7708f090)
This is a Full version of ISim.
Time resolution is 1 ps
# onerror resume
# wave add /
# run 1000 ns
Simulator is doing circuit initialization process.
Finished circuit initialization process.
# run all
Stopped at time : 2491614325 ns : File "C:/Users/Professional/Desktop/BmstuLabs6/evm/hw/hw/control_unit_tb.vhd" Line 78
# restart
# restart
# restart
# run 180 ns
Simulator is doing circuit initialization process.
Finished circuit initialization process.
# run all
Stopped at time : 3526560230 ns : File "C:/Users/Professional/Desktop/BmstuLabs6/evm/hw/hw/control_unit_tb.vhd" Line 77
# run all
Stopped at time : 6908277435 ns : File "C:/Users/Professional/Desktop/BmstuLabs6/evm/hw/hw/control_unit.vhd" Line 19
# run all
Stopped at time : 7315491045 ns : File "C:/Users/Professional/Desktop/BmstuLabs6/evm/hw/hw/control_unit.vhd" Line 27
# run all
Stopped at time : 7635307815 ns : File "C:/Users/Professional/Desktop/BmstuLabs6/evm/hw/hw/control_unit.vhd" Line 19
ISim P.20131013 (signature 0x7708f090)
This is a Full version of ISim.
# run 1000 ns
Simulator is doing circuit initialization process.
Finished circuit initialization process.
# run all
